#
# There is insufficient memory for the Java Runtime Environment to continue.
# Native memory allocation (mmap) failed to map 65536 bytes for Failed to commit metaspace.
# Possible reasons:
#   The system is out of physical RAM or swap space
#   The process is running with CompressedOops enabled, and the Java Heap may be blocking the growth of the native heap
# Possible solutions:
#   Reduce memory load on the system
#   Increase physical memory or swap space
#   Check if swap backing store is full
#   Decrease Java heap size (-Xmx/-Xms)
#
#  Out of Memory Error, pid=13852-Dspring.application.admin.enabled=true -Dmanagement.endpoints.jmx.exposure.include=* -javaagent:C:\Program Files\JetBrains\IntelliJ IDEA 2024.2.3\lib\idea_rt.jar=65197:C:\Program Files\JetBrains\IntelliJ IDEA 2024.2.3\bin -Dfile.encoding=UTF-8 cz.osu.chatappbe.ChatAppBeApplication

Host: AMD Ryzen 3 PRO 4450U with Radeon Graphics, 8 cores, 31G,  Windows 10 , 64 bit Build 22621 (10.0.22621.4391)
Time: Sat Jan  4 16:54:46 2025 W. Europe Standard Time elapsed time: 0.840847 seconds (0d 0h 0m 0s)

---------------  T H R E A D  ---------------

Current thread (0x00000205f4a62cb0):  JavaThread "RMI TCP Connection(idle)" daemon [_thread_in_vm, id=35732, stack(0x0000002586700000,0x0000002586800000)]

Stack: [0x0000002586700000,0x0000002586800000]
Native frames: (J=compiled Java code, j=interpreted, Vv=VM code, C=native code)
V  [jvm.dll+0x66fa1a]
V  [jvm.dll+0x7ce5a4]
V  [jvm.dll+0x7cfd4e]
V  [jvm.dll+0x7d03b3]
V  [jvm.dll+0x242b05]
V  [jvm.dll+0x7ca54b]
V  [jvm.dll+0x615b76]
V  [jvm.dll+0x1be19e]
V  [jvm.dll+0x6184b1]
V  [jvm.dll+0x616516]
V  [jvm.dll+0x238496]
V  [jvm.dll+0x1e87ad]
V  [jvm.dll+0x1de1f1]
V  [jvm.dll+0x537690]
V  [jvm.dll+0x74984d]
V  [jvm.dll+0x7497aa]
V  [jvm.dll+0x409034]
V  [jvm.dll+0x41c79b]
C  [java.dll+0x1657]

Java frames: (J=compiled Java code, j=interpreted, Vv=VM code)
j  java.lang.ClassLoader.defineClass0(Ljava/lang/ClassLoader;Ljava/lang/Class;Ljava/lang/String;[BIILjava/security/ProtectionDomain;ZILjava/lang/Object;)Ljava/lang/Class;+0 java.base@17.0.1
j  java.lang.System$2.defineClass(Ljava/lang/ClassLoader;Ljava/lang/Class;Ljava/lang/String;[BLjava/security/ProtectionDomain;ZILjava/lang/Object;)Ljava/lang/Class;+17 java.base@17.0.1
j  java.lang.invoke.MethodHandles$Lookup$ClassDefiner.defineClass(ZLjava/lang/Object;)Ljava/lang/Class;+54 java.base@17.0.1
j  java.lang.invoke.InvokerBytecodeGenerator.loadMethod([B)Ljava/lang/invoke/MemberName;+16 java.base@17.0.1
j  java.lang.invoke.InvokerBytecodeGenerator.generateCustomizedCode(Ljava/lang/invoke/LambdaForm;Ljava/lang/invoke/MethodType;)Ljava/lang/invoke/MemberName;+30 java.base@17.0.1
j  java.lang.invoke.LambdaForm.compileToBytecode()V+69 java.base@17.0.1
J 578 c1 java.lang.invoke.LambdaForm.prepare()V java.base@17.0.1 (112 bytes) @ 0x00000205daf09474 [0x00000205daf09400+0x0000000000000074]
J 577 c1 java.lang.invoke.MethodHandle.<init>(Ljava/lang/invoke/MethodType;Ljava/lang/invoke/LambdaForm;)V java.base@17.0.1 (37 bytes) @ 0x00000205daf08e24 [0x00000205daf08d60+0x00000000000000c4]
j  java.lang.invoke.BoundMethodHandle.<init>(Ljava/lang/invoke/MethodType;Ljava/lang/invoke/LambdaForm;)V+3 java.base@17.0.1
j  java.lang.invoke.BoundMethodHandle$Species_L.<init>(Ljava/lang/invoke/MethodType;Ljava/lang/invoke/LambdaForm;Ljava/lang/Object;)V+3 java.base@17.0.1
j  java.lang.invoke.BoundMethodHandle$Species_L.copyWith(Ljava/lang/invoke/MethodType;Ljava/lang/invoke/LambdaForm;)Ljava/lang/invoke/BoundMethodHandle;+10 java.base@17.0.1
j  java.lang.invoke.MethodHandles.dropArguments0(Ljava/lang/invoke/MethodHandle;ILjava/util/List;)Ljava/lang/invoke/MethodHandle;+105 java.base@17.0.1
j  java.lang.invoke.MethodHandles.dropArguments(Ljava/lang/invoke/MethodHandle;I[Ljava/lang/Class;)Ljava/lang/invoke/MethodHandle;+6 java.base@17.0.1
j  java.lang.invoke.StringConcatFactory.generateMHInlineCopy(Ljava/lang/invoke/MethodType;Ljava/util/List;)Ljava/lang/invoke/MethodHandle;+266 java.base@17.0.1
j  java.lang.invoke.StringConcatFactory.makeConcatWithConstants(Ljava/lang/invoke/MethodHandles$Lookup;Ljava/lang/String;Ljava/lang/invoke/MethodType;Ljava/lang/String;[Ljava/lang/Object;)Ljava/lang/invoke/CallSite;+220 java.base@17.0.1
j  java.lang.invoke.DirectMethodHandle$Holder.invokeStatic(Ljava/lang/Object;Ljava/lang/Object;Ljava/lang/Object;Ljava/lang/Object;Ljava/lang/Object;Ljava/lang/Object;)Ljava/lang/Object;+18 java.base@17.0.1
j  java.lang.invoke.DelegatingMethodHandle$Holder.delegate(Ljava/lang/Object;Ljava/lang/Object;Ljava/lang/Object;Ljava/lang/Object;Ljava/lang/Object;Ljava/lang/Object;)Ljava/lang/Object;+21 java.base@17.0.1
j  java.lang.invoke.Invokers$Holder.invokeExact_MT(Ljava/lang/Object;Ljava/lang/Object;Ljava/lang/Object;Ljava/lang/Object;Ljava/lang/Object;Ljava/lang/Object;Ljava/lang/Object;)Ljava/lang/Object;+26 java.base@17.0.1
j  java.lang.invoke.BootstrapMethodInvoker.invoke(Ljava/lang/Class;Ljava/lang/invoke/MethodHandle;Ljava/lang/String;Ljava/lang/Object;Ljava/lang/Object;Ljava/lang/Class;)Ljava/lang/Object;+157 java.base@17.0.1
j  java.lang.invoke.CallSite.makeSite(Ljava/lang/invoke/MethodHandle;Ljava/lang/String;Ljava/lang/invoke/MethodType;Ljava/lang/Object;Ljava/lang/Class;)Ljava/lang/invoke/CallSite;+8 java.base@17.0.1
j  java.lang.invoke.MethodHandleNatives.linkCallSiteImpl(Ljava/lang/Class;Ljava/lang/invoke/MethodHandle;Ljava/lang/String;Ljava/lang/invoke/MethodType;Ljava/lang/Object;[Ljava/lang/Object;)Ljava/lang/invoke/MemberName;+6 java.base@17.0.1
j  java.lang.invoke.MethodHandleNatives.linkCallSite(Ljava/lang/Object;ILjava/lang/Object;Ljava/lang/Object;Ljava/lang/Object;Ljava/lang/Object;[Ljava/lang/Object;)Ljava/lang/invoke/MemberName;+46 java.base@17.0.1
v  ~StubRoutines::call_stub
j  sun.rmi.transport.tcp.TCPTransport$ConnectionHandler.run()V+20 java.rmi@17.0.1
j  java.util.concurrent.ThreadPoolExecutor.runWorker(Ljava/util/concurrent/ThreadPoolExecutor$Worker;)V+92 java.base@17.0.1
j  java.util.concurrent.ThreadPoolExecutor$Worker.run()V+5 java.base@17.0.1
j  java.lang.Thread.run()V+11 java.base@17.0.1
v  ~StubRoutines::call_stub

---------------  P R O C E S S  ---------------

Threads class SMR info:
_java_thread_list=0x00000205f4bf7fa0, length=17, elements={
0x00000205d1cc56c0, 0x00000205f3a73ab0, 0x00000205f3a74920, 0x00000205f4409f60,
0x00000205f440add0, 0x00000205f440e7a0, 0x00000205f440f150, 0x00000205f440fbb0,
0x00000205f4423b50, 0x00000205f44a4500, 0x00000205f45214a0, 0x00000205f47f8510,
0x00000205f47f89e0, 0x00000205f4a51e20, 0x00000205f4a698b0, 0x00000205f4a62cb0,
0x00000205f4bef9f0
}

Java Threads: ( => current thread )
  0x00000205d1cc56c0 JavaThread "main" [_thread_in_vm, id=37828, stack(0x0000002585100000,0x0000002585200000)]
  0x00000205f3a73ab0 JavaThread "Reference Handler" daemon [_thread_blocked, id=36812, stack(0x0000002585800000,0x0000002585900000)]
  0x00000205f3a74920 JavaThread "Finalizer" daemon [_thread_blocked, id=34172, stack(0x0000002585900000,0x0000002585a00000)]
  0x00000205f4409f60 JavaThread "Signal Dispatcher" daemon [_thread_blocked, id=24608, stack(0x0000002585a00000,0x0000002585b00000)]
  0x00000205f440add0 JavaThread "Attach Listener" daemon [_thread_blocked, id=27940, stack(0x0000002585b00000,0x0000002585c00000)]
  0x00000205f440e7a0 JavaThread "Service Thread" daemon [_thread_blocked, id=37492, stack(0x0000002585c00000,0x0000002585d00000)]
  0x00000205f440f150 JavaThread "Monitor Deflation Thread" daemon [_thread_blocked, id=37684, stack(0x0000002585d00000,0x0000002585e00000)]
  0x00000205f440fbb0 JavaThread "C1 CompilerThread0" daemon [_thread_blocked, id=29852, stack(0x0000002585e00000,0x0000002585f00000)]
  0x00000205f4423b50 JavaThread "Sweeper thread" daemon [_thread_blocked, id=16396, stack(0x0000002585f00000,0x0000002586000000)]
  0x00000205f44a4500 JavaThread "Common-Cleaner" daemon [_thread_blocked, id=34052, stack(0x0000002586000000,0x0000002586100000)]
  0x00000205f45214a0 JavaThread "C1 CompilerThread1" daemon [_thread_blocked, id=35504, stack(0x0000002586100000,0x0000002586200000)]
  0x00000205f47f8510 JavaThread "Monitor Ctrl-Break" daemon [_thread_in_native, id=14872, stack(0x0000002586200000,0x0000002586300000)]
  0x00000205f47f89e0 JavaThread "Notification Thread" daemon [_thread_blocked, id=30236, stack(0x0000002586300000,0x0000002586400000)]
  0x00000205f4a51e20 JavaThread "C1 CompilerThread2" daemon [_thread_blocked, id=35236, stack(0x0000002586400000,0x0000002586500000)]
  0x00000205f4a698b0 JavaThread "RMI TCP Accept-0" daemon [_thread_in_native, id=35784, stack(0x0000002586500000,0x0000002586600000)]
=>0x00000205f4a62cb0 JavaThread "RMI TCP Connection(idle)" daemon [_thread_in_vm, id=35732, stack(0x0000002586700000,0x0000002586800000)]
  0x00000205f4bef9f0 JavaThread "RMI TCP Connection(idle)" daemon [_thread_in_vm, id=37400, stack(0x0000002586800000,0x0000002586900000)]

Other Threads:
  0x00000205f3a6b2e0 VMThread "VM Thread" [stack: 0x0000002585700000,0x0000002585800000] [id=37244]
  0x00000205d1d5ec90 WatcherThread [stack: 0x0000002586600000,0x0000002586700000] [id=26380]
  0x00000205d1d3e080 GCTaskThread "GC Thread#0" [stack: 0x0000002585200000,0x0000002585300000] [id=37296]
  0x00000205d1d4ea80 ConcurrentGCThread "G1 Main Marker" [stack: 0x0000002585300000,0x0000002585400000] [id=12240]
  0x00000205d1d4f490 ConcurrentGCThread "G1 Conc#0" [stack: 0x0000002585400000,0x0000002585500000] [id=7200]
  0x00000205d1d7ebe0 ConcurrentGCThread "G1 Refine#0" [stack: 0x0000002585500000,0x0000002585600000] [id=36076]
  0x00000205f392b050 ConcurrentGCThread "G1 Service" [stack: 0x0000002585600000,0x0000002585700000] [id=25772]

Threads with active compile tasks:

VM state: not at safepoint (normal execution)

VM Mutex/Monitor currently owned by a thread:  ([mutex/lock_event])
[0x00000205d1cbfd70] Metaspace_lock - owner thread: 0x00000205f4a62cb0

Heap address: 0x000000060a800000, size: 8024 MB, Compressed Oops mode: Zero based, Oop shift amount: 3

CDS archive(s) mapped at: [0x0000000800000000-0x0000000800bc0000-0x0000000800bc0000), size 12320768, SharedBaseAddress: 0x0000000800000000, ArchiveRelocationMode: 0.
Compressed class space mapped at: 0x0000000800c00000-0x0000000840c00000, reserved size: 1073741824
Narrow klass base: 0x0000000800000000, Narrow klass shift: 0, Narrow klass range: 0x100000000

GC Precious Log:
 CPUs: 8 total, 8 available
 Memory: 32081M
 Large Page Support: Disabled
 NUMA Support: Disabled
 Compressed Oops: Enabled (Zero based)
 Heap Region Size: 4M
 Heap Min Capacity: 8M
 Heap Initial Capacity: 504M
 Heap Max Capacity: 8024M
 Pre-touch: Disabled
 Parallel Workers: 8
 Concurrent Workers: 2
 Concurrent Refinement Workers: 8
 Periodic GC: Disabled

Heap:
 garbage-first heap   total 516096K, used 12288K [0x000000060a800000, 0x0000000800000000)
  region size 4096K, 4 young (16384K), 0 survivors (0K)
 Metaspace       used 5227K, committed 5376K, reserved 1056768K
  class space    used 627K, committed 704K, reserved 1048576K

Heap Regions: E=young(eden), S=young(survivor), O=old, HS=humongous(starts), HC=humongous(continues), CS=collection set, F=free, OA=open archive, CA=closed archive, TAMS=top-at-mark-start (previous, next)
|   0|0x000000060a800000, 0x000000060a800000, 0x000000060ac00000|  0%| F|  |TAMS 0x000000060a800000, 0x000000060a800000| Untracked 
|   1|0x000000060ac00000, 0x000000060ac00000, 0x000000060b000000|  0%| F|  |TAMS 0x000000060ac00000, 0x000000060ac00000| Untracked 
|   2|0x000000060b000000, 0x000000060b000000, 0x000000060b400000|  0%| F|  |TAMS 0x000000060b000000, 0x000000060b000000| Untracked 
|   3|0x000000060b400000, 0x000000060b400000, 0x000000060b800000|  0%| F|  |TAMS 0x000000060b400000, 0x000000060b400000| Untracked 
|   4|0x000000060b800000, 0x000000060b800000, 0x000000060bc00000|  0%| F|  |TAMS 0x000000060b800000, 0x000000060b800000| Untracked 
|   5|0x000000060bc00000, 0x000000060bc00000, 0x000000060c000000|  0%| F|  |TAMS 0x000000060bc00000, 0x000000060bc00000| Untracked 
|   6|0x000000060c000000, 0x000000060c000000, 0x000000060c400000|  0%| F|  |TAMS 0x000000060c000000, 0x000000060c000000| Untracked 
|   7|0x000000060c400000, 0x000000060c400000, 0x000000060c800000|  0%| F|  |TAMS 0x000000060c400000, 0x000000060c400000| Untracked 
|   8|0x000000060c800000, 0x000000060c800000, 0x000000060cc00000|  0%| F|  |TAMS 0x000000060c800000, 0x000000060c800000| Untracked 
|   9|0x000000060cc00000, 0x000000060cc00000, 0x000000060d000000|  0%| F|  |TAMS 0x000000060cc00000, 0x000000060cc00000| Untracked 
|  10|0x000000060d000000, 0x000000060d000000, 0x000000060d400000|  0%| F|  |TAMS 0x000000060d000000, 0x000000060d000000| Untracked 
|  11|0x000000060d400000, 0x000000060d400000, 0x000000060d800000|  0%| F|  |TAMS 0x000000060d400000, 0x000000060d400000| Untracked 
|  12|0x000000060d800000, 0x000000060d800000, 0x000000060dc00000|  0%| F|  |TAMS 0x000000060d800000, 0x000000060d800000| Untracked 
|  13|0x000000060dc00000, 0x000000060dc00000, 0x000000060e000000|  0%| F|  |TAMS 0x000000060dc00000, 0x000000060dc00000| Untracked 
|  14|0x000000060e000000, 0x000000060e000000, 0x000000060e400000|  0%| F|  |TAMS 0x000000060e000000, 0x000000060e000000| Untracked 
|  15|0x000000060e400000, 0x000000060e400000, 0x000000060e800000|  0%| F|  |TAMS 0x000000060e400000, 0x000000060e400000| Untracked 
|  16|0x000000060e800000, 0x000000060e800000, 0x000000060ec00000|  0%| F|  |TAMS 0x000000060e800000, 0x000000060e800000| Untracked 
|  17|0x000000060ec00000, 0x000000060ec00000, 0x000000060f000000|  0%| F|  |TAMS 0x000000060ec00000, 0x000000060ec00000| Untracked 
|  18|0x000000060f000000, 0x000000060f000000, 0x000000060f400000|  0%| F|  |TAMS 0x000000060f000000, 0x000000060f000000| Untracked 
|  19|0x000000060f400000, 0x000000060f400000, 0x000000060f800000|  0%| F|  |TAMS 0x000000060f400000, 0x000000060f400000| Untracked 
|  20|0x000000060f800000, 0x000000060f800000, 0x000000060fc00000|  0%| F|  |TAMS 0x000000060f800000, 0x000000060f800000| Untracked 
|  21|0x000000060fc00000, 0x000000060fc00000, 0x0000000610000000|  0%| F|  |TAMS 0x000000060fc00000, 0x000000060fc00000| Untracked 
|  22|0x0000000610000000, 0x0000000610000000, 0x0000000610400000|  0%| F|  |TAMS 0x0000000610000000, 0x0000000610000000| Untracked 
|  23|0x0000000610400000, 0x0000000610400000, 0x0000000610800000|  0%| F|  |TAMS 0x0000000610400000, 0x0000000610400000| Untracked 
|  24|0x0000000610800000, 0x0000000610800000, 0x0000000610c00000|  0%| F|  |TAMS 0x0000000610800000, 0x0000000610800000| Untracked 
|  25|0x0000000610c00000, 0x0000000610c00000, 0x0000000611000000|  0%| F|  |TAMS 0x0000000610c00000, 0x0000000610c00000| Untracked 
|  26|0x0000000611000000, 0x0000000611000000, 0x0000000611400000|  0%| F|  |TAMS 0x0000000611000000, 0x0000000611000000| Untracked 
|  27|0x0000000611400000, 0x0000000611400000, 0x0000000611800000|  0%| F|  |TAMS 0x0000000611400000, 0x0000000611400000| Untracked 
|  28|0x0000000611800000, 0x0000000611800000, 0x0000000611c00000|  0%| F|  |TAMS 0x0000000611800000, 0x0000000611800000| Untracked 
|  29|0x0000000611c00000, 0x0000000611c00000, 0x0000000612000000|  0%| F|  |TAMS 0x0000000611c00000, 0x0000000611c00000| Untracked 
|  30|0x0000000612000000, 0x0000000612000000, 0x0000000612400000|  0%| F|  |TAMS 0x0000000612000000, 0x0000000612000000| Untracked 
|  31|0x0000000612400000, 0x0000000612400000, 0x0000000612800000|  0%| F|  |TAMS 0x0000000612400000, 0x0000000612400000| Untracked 
|  32|0x0000000612800000, 0x0000000612800000, 0x0000000612c00000|  0%| F|  |TAMS 0x0000000612800000, 0x0000000612800000| Untracked 
|  33|0x0000000612c00000, 0x0000000612c00000, 0x0000000613000000|  0%| F|  |TAMS 0x0000000612c00000, 0x0000000612c00000| Untracked 
|  34|0x0000000613000000, 0x0000000613000000, 0x0000000613400000|  0%| F|  |TAMS 0x0000000613000000, 0x0000000613000000| Untracked 
|  35|0x0000000613400000, 0x0000000613400000, 0x0000000613800000|  0%| F|  |TAMS 0x0000000613400000, 0x0000000613400000| Untracked 
|  36|0x0000000613800000, 0x0000000613800000, 0x0000000613c00000|  0%| F|  |TAMS 0x0000000613800000, 0x0000000613800000| Untracked 
|  37|0x0000000613c00000, 0x0000000613c00000, 0x0000000614000000|  0%| F|  |TAMS 0x0000000613c00000, 0x0000000613c00000| Untracked 
|  38|0x0000000614000000, 0x0000000614000000, 0x0000000614400000|  0%| F|  |TAMS 0x0000000614000000, 0x0000000614000000| Untracked 
|  39|0x0000000614400000, 0x0000000614400000, 0x0000000614800000|  0%| F|  |TAMS 0x0000000614400000, 0x0000000614400000| Untracked 
|  40|0x0000000614800000, 0x0000000614800000, 0x0000000614c00000|  0%| F|  |TAMS 0x0000000614800000, 0x0000000614800000| Untracked 
|  41|0x0000000614c00000, 0x0000000614c00000, 0x0000000615000000|  0%| F|  |TAMS 0x0000000614c00000, 0x0000000614c00000| Untracked 
|  42|0x0000000615000000, 0x0000000615000000, 0x0000000615400000|  0%| F|  |TAMS 0x0000000615000000, 0x0000000615000000| Untracked 
|  43|0x0000000615400000, 0x0000000615400000, 0x0000000615800000|  0%| F|  |TAMS 0x0000000615400000, 0x0000000615400000| Untracked 
|  44|0x0000000615800000, 0x0000000615800000, 0x0000000615c00000|  0%| F|  |TAMS 0x0000000615800000, 0x0000000615800000| Untracked 
|  45|0x0000000615c00000, 0x0000000615c00000, 0x0000000616000000|  0%| F|  |TAMS 0x0000000615c00000, 0x0000000615c00000| Untracked 
|  46|0x0000000616000000, 0x0000000616000000, 0x0000000616400000|  0%| F|  |TAMS 0x0000000616000000, 0x0000000616000000| Untracked 
|  47|0x0000000616400000, 0x0000000616400000, 0x0000000616800000|  0%| F|  |TAMS 0x0000000616400000, 0x0000000616400000| Untracked 
|  48|0x0000000616800000, 0x0000000616800000, 0x0000000616c00000|  0%| F|  |TAMS 0x0000000616800000, 0x0000000616800000| Untracked 
|  49|0x0000000616c00000, 0x0000000616c00000, 0x0000000617000000|  0%| F|  |TAMS 0x0000000616c00000, 0x0000000616c00000| Untracked 
|  50|0x0000000617000000, 0x0000000617000000, 0x0000000617400000|  0%| F|  |TAMS 0x0000000617000000, 0x0000000617000000| Untracked 
|  51|0x0000000617400000, 0x0000000617400000, 0x0000000617800000|  0%| F|  |TAMS 0x0000000617400000, 0x0000000617400000| Untracked 
|  52|0x0000000617800000, 0x0000000617800000, 0x0000000617c00000|  0%| F|  |TAMS 0x0000000617800000, 0x0000000617800000| Untracked 
|  53|0x0000000617c00000, 0x0000000617c00000, 0x0000000618000000|  0%| F|  |TAMS 0x0000000617c00000, 0x0000000617c00000| Untracked 
|  54|0x0000000618000000, 0x0000000618000000, 0x0000000618400000|  0%| F|  |TAMS 0x0000000618000000, 0x0000000618000000| Untracked 
|  55|0x0000000618400000, 0x0000000618400000, 0x0000000618800000|  0%| F|  |TAMS 0x0000000618400000, 0x0000000618400000| Untracked 
|  56|0x0000000618800000, 0x0000000618800000, 0x0000000618c00000|  0%| F|  |TAMS 0x0000000618800000, 0x0000000618800000| Untracked 
|  57|0x0000000618c00000, 0x0000000618c00000, 0x0000000619000000|  0%| F|  |TAMS 0x0000000618c00000, 0x0000000618c00000| Untracked 
|  58|0x0000000619000000, 0x0000000619000000, 0x0000000619400000|  0%| F|  |TAMS 0x0000000619000000, 0x0000000619000000| Untracked 
|  59|0x0000000619400000, 0x0000000619400000, 0x0000000619800000|  0%| F|  |TAMS 0x0000000619400000, 0x0000000619400000| Untracked 
|  60|0x0000000619800000, 0x0000000619800000, 0x0000000619c00000|  0%| F|  |TAMS 0x0000000619800000, 0x0000000619800000| Untracked 
|  61|0x0000000619c00000, 0x0000000619c00000, 0x000000061a000000|  0%| F|  |TAMS 0x0000000619c00000, 0x0000000619c00000| Untracked 
|  62|0x000000061a000000, 0x000000061a000000, 0x000000061a400000|  0%| F|  |TAMS 0x000000061a000000, 0x000000061a000000| Untracked 
|  63|0x000000061a400000, 0x000000061a400000, 0x000000061a800000|  0%| F|  |TAMS 0x000000061a400000, 0x000000061a400000| Untracked 
|  64|0x000000061a800000, 0x000000061a800000, 0x000000061ac00000|  0%| F|  |TAMS 0x000000061a800000, 0x000000061a800000| Untracked 
|  65|0x000000061ac00000, 0x000000061ac00000, 0x000000061b000000|  0%| F|  |TAMS 0x000000061ac00000, 0x000000061ac00000| Untracked 
|  66|0x000000061b000000, 0x000000061b000000, 0x000000061b400000|  0%| F|  |TAMS 0x000000061b000000, 0x000000061b000000| Untracked 
|  67|0x000000061b400000, 0x000000061b400000, 0x000000061b800000|  0%| F|  |TAMS 0x000000061b400000, 0x000000061b400000| Untracked 
|  68|0x000000061b800000, 0x000000061b800000, 0x000000061bc00000|  0%| F|  |TAMS 0x000000061b800000, 0x000000061b800000| Untracked 
|  69|0x000000061bc00000, 0x000000061bc00000, 0x000000061c000000|  0%| F|  |TAMS 0x000000061bc00000, 0x000000061bc00000| Untracked 
|  70|0x000000061c000000, 0x000000061c000000, 0x000000061c400000|  0%| F|  |TAMS 0x000000061c000000, 0x000000061c000000| Untracked 
|  71|0x000000061c400000, 0x000000061c400000, 0x000000061c800000|  0%| F|  |TAMS 0x000000061c400000, 0x000000061c400000| Untracked 
|  72|0x000000061c800000, 0x000000061c800000, 0x000000061cc00000|  0%| F|  |TAMS 0x000000061c800000, 0x000000061c800000| Untracked 
|  73|0x000000061cc00000, 0x000000061cc00000, 0x000000061d000000|  0%| F|  |TAMS 0x000000061cc00000, 0x000000061cc00000| Untracked 
|  74|0x000000061d000000, 0x000000061d000000, 0x000000061d400000|  0%| F|  |TAMS 0x000000061d000000, 0x000000061d000000| Untracked 
|  75|0x000000061d400000, 0x000000061d400000, 0x000000061d800000|  0%| F|  |TAMS 0x000000061d400000, 0x000000061d400000| Untracked 
|  76|0x000000061d800000, 0x000000061d800000, 0x000000061dc00000|  0%| F|  |TAMS 0x000000061d800000, 0x000000061d800000| Untracked 
|  77|0x000000061dc00000, 0x000000061dc00000, 0x000000061e000000|  0%| F|  |TAMS 0x000000061dc00000, 0x000000061dc00000| Untracked 
|  78|0x000000061e000000, 0x000000061e000000, 0x000000061e400000|  0%| F|  |TAMS 0x000000061e000000, 0x000000061e000000| Untracked 
|  79|0x000000061e400000, 0x000000061e400000, 0x000000061e800000|  0%| F|  |TAMS 0x000000061e400000, 0x000000061e400000| Untracked 
|  80|0x000000061e800000, 0x000000061e800000, 0x000000061ec00000|  0%| F|  |TAMS 0x000000061e800000, 0x000000061e800000| Untracked 
|  81|0x000000061ec00000, 0x000000061ec00000, 0x000000061f000000|  0%| F|  |TAMS 0x000000061ec00000, 0x000000061ec00000| Untracked 
|  82|0x000000061f000000, 0x000000061f000000, 0x000000061f400000|  0%| F|  |TAMS 0x000000061f000000, 0x000000061f000000| Untracked 
|  83|0x000000061f400000, 0x000000061f400000, 0x000000061f800000|  0%| F|  |TAMS 0x000000061f400000, 0x000000061f400000| Untracked 
|  84|0x000000061f800000, 0x000000061f800000, 0x000000061fc00000|  0%| F|  |TAMS 0x000000061f800000, 0x000000061f800000| Untracked 
|  85|0x000000061fc00000, 0x000000061fc00000, 0x0000000620000000|  0%| F|  |TAMS 0x000000061fc00000, 0x000000061fc00000| Untracked 
|  86|0x0000000620000000, 0x0000000620000000, 0x0000000620400000|  0%| F|  |TAMS 0x0000000620000000, 0x0000000620000000| Untracked 
|  87|0x0000000620400000, 0x0000000620400000, 0x0000000620800000|  0%| F|  |TAMS 0x0000000620400000, 0x0000000620400000| Untracked 
|  88|0x0000000620800000, 0x0000000620800000, 0x0000000620c00000|  0%| F|  |TAMS 0x0000000620800000, 0x0000000620800000| Untracked 
|  89|0x0000000620c00000, 0x0000000620c00000, 0x0000000621000000|  0%| F|  |TAMS 0x0000000620c00000, 0x0000000620c00000| Untracked 
|  90|0x0000000621000000, 0x0000000621000000, 0x0000000621400000|  0%| F|  |TAMS 0x0000000621000000, 0x0000000621000000| Untracked 
|  91|0x0000000621400000, 0x0000000621400000, 0x0000000621800000|  0%| F|  |TAMS 0x0000000621400000, 0x0000000621400000| Untracked 
|  92|0x0000000621800000, 0x0000000621800000, 0x0000000621c00000|  0%| F|  |TAMS 0x0000000621800000, 0x0000000621800000| Untracked 
|  93|0x0000000621c00000, 0x0000000621c00000, 0x0000000622000000|  0%| F|  |TAMS 0x0000000621c00000, 0x0000000621c00000| Untracked 
|  94|0x0000000622000000, 0x0000000622000000, 0x0000000622400000|  0%| F|  |TAMS 0x0000000622000000, 0x0000000622000000| Untracked 
|  95|0x0000000622400000, 0x0000000622400000, 0x0000000622800000|  0%| F|  |TAMS 0x0000000622400000, 0x0000000622400000| Untracked 
|  96|0x0000000622800000, 0x0000000622800000, 0x0000000622c00000|  0%| F|  |TAMS 0x0000000622800000, 0x0000000622800000| Untracked 
|  97|0x0000000622c00000, 0x0000000622c00000, 0x0000000623000000|  0%| F|  |TAMS 0x0000000622c00000, 0x0000000622c00000| Untracked 
|  98|0x0000000623000000, 0x0000000623000000, 0x0000000623400000|  0%| F|  |TAMS 0x0000000623000000, 0x0000000623000000| Untracked 
|  99|0x0000000623400000, 0x0000000623400000, 0x0000000623800000|  0%| F|  |TAMS 0x0000000623400000, 0x0000000623400000| Untracked 
| 100|0x0000000623800000, 0x0000000623800000, 0x0000000623c00000|  0%| F|  |TAMS 0x0000000623800000, 0x0000000623800000| Untracked 
| 101|0x0000000623c00000, 0x0000000623c00000, 0x0000000624000000|  0%| F|  |TAMS 0x0000000623c00000, 0x0000000623c00000| Untracked 
| 102|0x0000000624000000, 0x0000000624000000, 0x0000000624400000|  0%| F|  |TAMS 0x0000000624000000, 0x0000000624000000| Untracked 
| 103|0x0000000624400000, 0x0000000624400000, 0x0000000624800000|  0%| F|  |TAMS 0x0000000624400000, 0x0000000624400000| Untracked 
| 104|0x0000000624800000, 0x0000000624800000, 0x0000000624c00000|  0%| F|  |TAMS 0x0000000624800000, 0x0000000624800000| Untracked 
| 105|0x0000000624c00000, 0x0000000624c00000, 0x0000000625000000|  0%| F|  |TAMS 0x0000000624c00000, 0x0000000624c00000| Untracked 
| 106|0x0000000625000000, 0x0000000625000000, 0x0000000625400000|  0%| F|  |TAMS 0x0000000625000000, 0x0000000625000000| Untracked 
| 107|0x0000000625400000, 0x0000000625400000, 0x0000000625800000|  0%| F|  |TAMS 0x0000000625400000, 0x0000000625400000| Untracked 
| 108|0x0000000625800000, 0x0000000625800000, 0x0000000625c00000|  0%| F|  |TAMS 0x0000000625800000, 0x0000000625800000| Untracked 
| 109|0x0000000625c00000, 0x0000000625c00000, 0x0000000626000000|  0%| F|  |TAMS 0x0000000625c00000, 0x0000000625c00000| Untracked 
| 110|0x0000000626000000, 0x0000000626000000, 0x0000000626400000|  0%| F|  |TAMS 0x0000000626000000, 0x0000000626000000| Untracked 
| 111|0x0000000626400000, 0x0000000626400000, 0x0000000626800000|  0%| F|  |TAMS 0x0000000626400000, 0x0000000626400000| Untracked 
| 112|0x0000000626800000, 0x0000000626800000, 0x0000000626c00000|  0%| F|  |TAMS 0x0000000626800000, 0x0000000626800000| Untracked 
| 113|0x0000000626c00000, 0x0000000626c00000, 0x0000000627000000|  0%| F|  |TAMS 0x0000000626c00000, 0x0000000626c00000| Untracked 
| 114|0x0000000627000000, 0x0000000627000000, 0x0000000627400000|  0%| F|  |TAMS 0x0000000627000000, 0x0000000627000000| Untracked 
| 115|0x0000000627400000, 0x0000000627400000, 0x0000000627800000|  0%| F|  |TAMS 0x0000000627400000, 0x0000000627400000| Untracked 
| 116|0x0000000627800000, 0x0000000627800000, 0x0000000627c00000|  0%| F|  |TAMS 0x0000000627800000, 0x0000000627800000| Untracked 
| 117|0x0000000627c00000, 0x0000000627c00000, 0x0000000628000000|  0%| F|  |TAMS 0x0000000627c00000, 0x0000000627c00000| Untracked 
| 118|0x0000000628000000, 0x0000000628000000, 0x0000000628400000|  0%| F|  |TAMS 0x0000000628000000, 0x0000000628000000| Untracked 
| 119|0x0000000628400000, 0x0000000628400000, 0x0000000628800000|  0%| F|  |TAMS 0x0000000628400000, 0x0000000628400000| Untracked 
| 120|0x0000000628800000, 0x0000000628800000, 0x0000000628c00000|  0%| F|  |TAMS 0x0000000628800000, 0x0000000628800000| Untracked 
| 121|0x0000000628c00000, 0x0000000628c00000, 0x0000000629000000|  0%| F|  |TAMS 0x0000000628c00000, 0x0000000628c00000| Untracked 
| 122|0x0000000629000000, 0x0000000629400000, 0x0000000629400000|100%| E|  |TAMS 0x0000000629000000, 0x0000000629000000| Complete 
| 123|0x0000000629400000, 0x0000000629800000, 0x0000000629800000|100%| E|CS|TAMS 0x0000000629400000, 0x0000000629400000| Complete 
| 124|0x0000000629800000, 0x0000000629c00000, 0x0000000629c00000|100%| E|CS|TAMS 0x0000000629800000, 0x0000000629800000| Complete 
| 125|0x0000000629c00000, 0x000000062a000000, 0x000000062a000000|100%| E|CS|TAMS 0x0000000629c00000, 0x0000000629c00000| Complete 

Card table byte_map: [0x00000205df540000,0x00000205e04f0000] _byte_map_base: 0x00000205dc4ec000

Marking Bits (Prev, Next): (CMBitMap*) 0x00000205d1d3e690, (CMBitMap*) 0x00000205d1d3e6d0
 Prev Bits: [0x00000205e14a0000, 0x00000205e9200000)
 Next Bits: [0x00000205e9200000, 0x00000205f0f60000)

Polling page: 0x00000205d1d80000

Metaspace:

Usage:
  Non-class:      4.49 MB used.
      Class:    627.96 KB used.
       Both:      5.10 MB used.

Virtual space:
  Non-class space:        8.00 MB reserved,       4.56 MB ( 57%) committed,  1 nodes.
      Class space:        1.00 GB reserved,     704.00 KB ( <1%) committed,  1 nodes.
             Both:        1.01 GB reserved,       5.25 MB ( <1%) committed. 

Chunk freelists:
   Non-Class:  2.56 MB
       Class:  3.20 MB
        Both:  5.76 MB

MaxMetaspaceSize: unlimited
CompressedClassSpaceSize: 1.00 GB
Initial GC threshold: 21.00 MB
Current GC threshold: 21.00 MB
CDS: on
MetaspaceReclaimPolicy: balanced
 - commit_granule_bytes: 65536.
 - commit_granule_words: 8192.
 - virtual_space_node_default_size: 1048576.
 - enlarge_chunks_in_place: 1.
 - new_chunks_are_fully_committed: 0.
 - uncommit_free_chunks: 1.
 - use_allocation_guard: 0.
 - handle_deallocations: 1.


Internal statistics:

num_allocs_failed_limit: 0.
num_arena_births: 86.
num_arena_deaths: 0.
num_vsnodes_births: 2.
num_vsnodes_deaths: 0.
num_space_committed: 84.
num_space_uncommitted: 0.
num_chunks_returned_to_freelist: 0.
num_chunks_taken_from_freelist: 126.
num_chunk_merges: 0.
num_chunk_splits: 74.
num_chunks_enlarged: 41.
num_purges: 0.
num_inconsistent_stats: 0.

CodeCache: size=49152Kb used=3316Kb max_used=3316Kb free=45835Kb
 bounds [0x00000205dacb0000, 0x00000205daff0000, 0x00000205ddcb0000]
 total_blobs=1255 nmethods=809 adapters=372
 compilation: disabled (not enough contiguous free space left)
              stopped_count=1, restarted_count=0
 full_count=1

Compilation events (20 events):
Event: 0.715 Thread 0x00000205f45214a0 nmethod 798 0x00000205daf54b10 code [0x00000205daf54d20, 0x00000205daf55348]
Event: 0.715 Thread 0x00000205f45214a0  799       1       java.security.MessageDigest::update (14 bytes)
Event: 0.715 Thread 0x00000205f45214a0 nmethod 799 0x00000205daf55a90 code [0x00000205daf55c20, 0x00000205daf55d28]
Event: 0.715 Thread 0x00000205f45214a0  800       1       java.security.MessageDigest$Delegate::engineUpdate (11 bytes)
Event: 0.715 Thread 0x00000205f45214a0 nmethod 800 0x00000205daf55e10 code [0x00000205daf55fa0, 0x00000205daf56088]
Event: 0.715 Thread 0x00000205f45214a0  795       1       sun.nio.fs.WindowsPath::toString (5 bytes)
Event: 0.715 Thread 0x00000205f45214a0 nmethod 795 0x00000205daf56110 code [0x00000205daf562a0, 0x00000205daf56378]
Event: 0.715 Thread 0x00000205f45214a0  796       1       java.nio.file.Files$AcceptAllFilter::accept (2 bytes)
Event: 0.715 Thread 0x00000205f45214a0 nmethod 796 0x00000205daf56410 code [0x00000205daf565a0, 0x00000205daf56678]
Event: 0.715 Thread 0x00000205f45214a0  805       1       java.lang.String::getBytes (15 bytes)
Event: 0.715 Thread 0x00000205f45214a0 nmethod 805 0x00000205daf56710 code [0x00000205daf568c0, 0x00000205daf569d8]
Event: 0.715 Thread 0x00000205f45214a0  801       1       sun.nio.fs.WindowsPathParser::parse (384 bytes)
Event: 0.717 Thread 0x00000205f440fbb0 nmethod 793 0x00000205daf56a90 code [0x00000205daf56e00, 0x00000205daf57ab8]
Event: 0.717 Thread 0x00000205f440fbb0  811   !   1       sun.nio.fs.WindowsDirectoryStream$WindowsDirectoryIterator::readNextEntry (192 bytes)
Event: 0.718 Thread 0x00000205f45214a0 nmethod 801 0x00000205daf58590 code [0x00000205daf58980, 0x00000205daf5a028]
Event: 0.718 Thread 0x00000205f45214a0  806       1       java.lang.String::encodeUTF8 (141 bytes)
Event: 0.718 Thread 0x00000205f4a51e20  804  s    1       sun.nio.fs.WindowsDirectoryStream$WindowsDirectoryIterator::hasNext (35 bytes)
Event: 0.718 Thread 0x00000205f4a51e20 nmethod 804 0x00000205dafe7b10 code [0x00000205dafe7cc0, 0x00000205dafe7f08]
Event: 0.718 Thread 0x00000205f45214a0 nmethod 806 0x00000205dafe7f90 code [0x00000205dafe8180, 0x00000205dafe8728]
Event: 0.718 Thread 0x00000205f440fbb0 nmethod 811 0x00000205dafe8990 code [0x00000205dafe8be0, 0x00000205dafe9258]

GC Heap History (0 events):
No events

Deoptimization events (0 events):
No events

Classes unloaded (0 events):
No events

Classes redefined (0 events):
No events

Internal exceptions (12 events):
Event: 0.400 Thread 0x00000205f47f8510 Exception <a 'java/lang/NoSuchMethodError'{0x000000062950ec80}: 'java.lang.Object java.lang.invoke.DirectMethodHandle$Holder.invokeStaticInit(java.lang.Object)'> (0x000000062950ec80) 
thrown [t:\workspace\open\src\hotspot\share\interpreter\linkResolver.cpp, line 766]
Event: 0.429 Thread 0x00000205f47f8510 Exception <a 'java/lang/NoSuchMethodError'{0x000000062951be20}: 'void java.lang.invoke.DirectMethodHandle$Holder.invokeStatic(java.lang.Object, java.lang.Object)'> (0x000000062951be20) 
thrown [t:\workspace\open\src\hotspot\share\interpreter\linkResolver.cpp, line 766]
Event: 0.442 Thread 0x00000205f440add0 Exception <a 'java/lang/NoSuchMethodError'{0x0000000629a3afc8}: 'int java.lang.invoke.DirectMethodHandle$Holder.invokeInterface(java.lang.Object, java.lang.Object)'> (0x0000000629a3afc8) 
thrown [t:\workspace\open\src\hotspot\share\interpreter\linkResolver.cpp, line 766]
Event: 0.443 Thread 0x00000205f440add0 Exception <a 'java/lang/IncompatibleClassChangeError'{0x0000000629a3e5c8}: Found class java.lang.Object, but interface was expected> (0x0000000629a3e5c8) 
thrown [t:\workspace\open\src\hotspot\share\interpreter\linkResolver.cpp, line 833]
Event: 0.510 Thread 0x00000205f440add0 Exception <a 'java/lang/NoSuchMethodError'{0x0000000629636e78}: 'int java.lang.invoke.DirectMethodHandle$Holder.invokeSpecial(java.lang.Object, java.lang.Object, java.lang.Object)'> (0x0000000629636e78) 
thrown [t:\workspace\open\src\hotspot\share\interpreter\linkResolver.cpp, line 766]
Event: 0.578 Thread 0x00000205f440add0 Exception <a 'java/lang/NoSuchMethodError'{0x0000000629730cd0}: 'void java.lang.invoke.DirectMethodHandle$Holder.invokeStatic(java.lang.Object, java.lang.Object, java.lang.Object)'> (0x0000000629730cd0) 
thrown [t:\workspace\open\src\hotspot\share\interpreter\linkResolver.cpp, line 766]
Event: 0.645 Thread 0x00000205f440add0 Exception <a 'java/lang/NoSuchMethodError'{0x00000006297e1f70}: 'java.lang.Object java.lang.invoke.DirectMethodHandle$Holder.invokeStaticInit(java.lang.Object, int, int, int, int)'> (0x00000006297e1f70) 
thrown [t:\workspace\open\src\hotspot\share\interpreter\linkResolver.cpp, line 766]
Event: 0.721 Thread 0x00000205f440add0 Exception <a 'java/lang/NoSuchMethodError'{0x000000062909f008}: 'java.lang.Object java.lang.invoke.DirectMethodHandle$Holder.invokeStaticInit(java.lang.Object, java.lang.Object, int, int, int, int)'> (0x000000062909f008) 
thrown [t:\workspace\open\src\hotspot\share\interpreter\linkResolver.cpp, line 766]
Event: 0.744 Thread 0x00000205f440add0 Exception <a 'java/lang/ClassNotFoundException'{0x00000006290bd2f0}: javax/management/remote/rmi/RMIServerImpl_Skel> (0x00000006290bd2f0) 
thrown [t:\workspace\open\src\hotspot\share\classfile\systemDictionary.cpp, line 256]
Event: 0.774 Thread 0x00000205f4a698b0 Exception <a 'java/lang/Error'{0x00000006290f6a78}: IP Helper Library GetIfTable function failed> (0x00000006290f6a78) 
thrown [t:\workspace\open\src\hotspot\share\prims\jni.cpp, line 535]
Event: 0.804 Thread 0x00000205f4a698b0 Exception <a 'java/lang/NoSuchMethodError'{0x000000062914bb70}: 'java.lang.Object java.lang.invoke.DirectMethodHandle$Holder.invokeStatic(java.lang.Object, int, java.lang.Object)'> (0x000000062914bb70) 
thrown [t:\workspace\open\src\hotspot\share\interpreter\linkResolver.cpp, line 766]
Event: 0.808 Thread 0x00000205f4a698b0 Exception <a 'java/lang/ClassNotFoundException'{0x000000062915a478}: sun/util/logging/resources/spi/loggingProvider> (0x000000062915a478) 
thrown [t:\workspace\open\src\hotspot\share\classfile\systemDictionary.cpp, line 256]

VM Operations (6 events):
Event: 0.179 Executing VM operation: HandshakeAllThreads
Event: 0.179 Executing VM operation: HandshakeAllThreads done
Event: 0.397 Executing VM operation: HandshakeAllThreads
Event: 0.397 Executing VM operation: HandshakeAllThreads done
Event: 0.634 Executing VM operation: HandshakeAllThreads
Event: 0.634 Executing VM operation: HandshakeAllThreads done

Events (20 events):
Event: 0.814 loading class java/lang/IllegalAccessException
Event: 0.814 loading class java/lang/IllegalAccessException done
Event: 0.820 loading class java/util/WeakHashMap$Values
Event: 0.820 loading class java/util/WeakHashMap$Values done
Event: 0.820 loading class java/util/WeakHashMap$ValueIterator
Event: 0.820 loading class java/util/WeakHashMap$HashIterator
Event: 0.820 loading class java/util/WeakHashMap$HashIterator done
Event: 0.820 loading class java/util/WeakHashMap$ValueIterator done
Event: 0.821 loading class java/lang/NoSuchFieldError
Event: 0.821 loading class java/lang/NoSuchFieldError done
Event: 0.824 Loaded shared library C:\Users\filip\.jdks\openjdk-17.0.1\bin\verify.dll
Event: 0.827 loading class java/util/concurrent/LinkedBlockingQueue
Event: 0.827 loading class java/util/concurrent/LinkedBlockingQueue done
Event: 0.827 loading class java/util/concurrent/LinkedBlockingQueue$Node
Event: 0.827 loading class java/util/concurrent/LinkedBlockingQueue$Node done
Event: 0.836 loading class sun/rmi/transport/tcp/TCPTransport$ConnectionHandler
Event: 0.836 loading class sun/rmi/transport/tcp/TCPTransport$ConnectionHandler done
Event: 0.836 loading class java/util/concurrent/ThreadPoolExecutor$Worker
Event: 0.836 loading class java/util/concurrent/ThreadPoolExecutor$Worker done
Event: 0.837 Thread 0x00000205f4a62cb0 Thread added: 0x00000205f4a62cb0


Dynamic libraries:
0x00007ff712210000 - 0x00007ff71221e000 	C:\Users\filip\.jdks\openjdk-17.0.1\bin\java.exe
0x00007ff855af0000 - 0x00007ff855d07000 	C:\WINDOWS\SYSTEM32\ntdll.dll
0x00007ff854260000 - 0x00007ff854324000 	C:\WINDOWS\System32\KERNEL32.DLL
0x00007ff852dc0000 - 0x00007ff85317a000 	C:\WINDOWS\System32\KERNELBASE.dll
0x00007ff853320000 - 0x00007ff853431000 	C:\WINDOWS\System32\ucrtbase.dll
0x00007ff83c080000 - 0x00007ff83c09a000 	C:\Users\filip\.jdks\openjdk-17.0.1\bin\VCRUNTIME140.dll
0x00007ff83c0a0000 - 0x00007ff83c0b8000 	C:\Users\filip\.jdks\openjdk-17.0.1\bin\jli.dll
0x00007ff854e60000 - 0x00007ff85500e000 	C:\WINDOWS\System32\USER32.dll
0x00007ff8536a0000 - 0x00007ff8536c6000 	C:\WINDOWS\System32\win32u.dll
0x00007ff8544c0000 - 0x00007ff8544e9000 	C:\WINDOWS\System32\GDI32.dll
0x00007ff853200000 - 0x00007ff85331b000 	C:\WINDOWS\System32\gdi32full.dll
0x00007ff834bf0000 - 0x00007ff834e82000 	C:\WINDOWS\WinSxS\amd64_microsoft.windows.common-controls_6595b64144ccf1df_6.0.22621.4541_none_2710d1c57384c085\COMCTL32.dll
0x00007ff854090000 - 0x00007ff854137000 	C:\WINDOWS\System32\msvcrt.dll
0x00007ff853750000 - 0x00007ff8537ea000 	C:\WINDOWS\System32\msvcp_win.dll
0x00007ff8544f0000 - 0x00007ff854521000 	C:\WINDOWS\System32\IMM32.DLL
0x00007ff84d910000 - 0x00007ff84d91c000 	C:\Users\filip\.jdks\openjdk-17.0.1\bin\vcruntime140_1.dll
0x00007ff82b6b0000 - 0x00007ff82b73d000 	C:\Users\filip\.jdks\openjdk-17.0.1\bin\msvcp140.dll
0x00007fffa2190000 - 0x00007fffa2d4e000 	C:\Users\filip\.jdks\openjdk-17.0.1\bin\server\jvm.dll
0x00007ff853bb0000 - 0x00007ff853c62000 	C:\WINDOWS\System32\ADVAPI32.dll
0x00007ff854da0000 - 0x00007ff854e47000 	C:\WINDOWS\System32\sechost.dll
0x00007ff8535b0000 - 0x00007ff8535d8000 	C:\WINDOWS\System32\bcrypt.dll
0x00007ff854140000 - 0x00007ff854254000 	C:\WINDOWS\System32\RPCRT4.dll
0x00007ff854e50000 - 0x00007ff854e58000 	C:\WINDOWS\System32\PSAPI.DLL
0x00007ff84ce20000 - 0x00007ff84ce54000 	C:\WINDOWS\SYSTEM32\WINMM.dll
0x00007ff8484d0000 - 0x00007ff8484da000 	C:\WINDOWS\SYSTEM32\VERSION.dll
0x00007ff834be0000 - 0x00007ff834be9000 	C:\WINDOWS\SYSTEM32\WSOCK32.dll
0x00007ff855010000 - 0x00007ff855081000 	C:\WINDOWS\System32\WS2_32.dll
0x00007ff851eb0000 - 0x00007ff851ec8000 	C:\WINDOWS\SYSTEM32\kernel.appcore.dll
0x00007ff84b9c0000 - 0x00007ff84b9ca000 	C:\Users\filip\.jdks\openjdk-17.0.1\bin\jimage.dll
0x00007ff850760000 - 0x00007ff850992000 	C:\WINDOWS\SYSTEM32\DBGHELP.DLL
0x00007ff854a10000 - 0x00007ff854d9f000 	C:\WINDOWS\System32\combase.dll
0x00007ff855090000 - 0x00007ff855167000 	C:\WINDOWS\System32\OLEAUT32.dll
0x00007ff83b9c0000 - 0x00007ff83b9f2000 	C:\WINDOWS\SYSTEM32\dbgcore.DLL
0x00007ff853180000 - 0x00007ff8531fb000 	C:\WINDOWS\System32\bcryptPrimitives.dll
0x00007ff84b750000 - 0x00007ff84b75e000 	C:\Users\filip\.jdks\openjdk-17.0.1\bin\instrument.dll
0x00007ff837e20000 - 0x00007ff837e45000 	C:\Users\filip\.jdks\openjdk-17.0.1\bin\java.dll
0x00007ff817280000 - 0x00007ff817356000 	C:\Users\filip\.jdks\openjdk-17.0.1\bin\svml.dll
0x00007ff8551d0000 - 0x00007ff855a48000 	C:\WINDOWS\System32\SHELL32.dll
0x00007ff850cc0000 - 0x00007ff8515c8000 	C:\WINDOWS\SYSTEM32\windows.storage.dll
0x00007ff850b80000 - 0x00007ff850cbf000 	C:\WINDOWS\SYSTEM32\wintypes.dll
0x00007ff8543b0000 - 0x00007ff8544aa000 	C:\WINDOWS\System32\SHCORE.dll
0x00007ff855170000 - 0x00007ff8551ce000 	C:\WINDOWS\System32\shlwapi.dll
0x00007ff852cf0000 - 0x00007ff852d1b000 	C:\WINDOWS\SYSTEM32\profapi.dll
0x00007ff837340000 - 0x00007ff837358000 	C:\Users\filip\.jdks\openjdk-17.0.1\bin\zip.dll
0x00007ff8379a0000 - 0x00007ff8379b9000 	C:\Users\filip\.jdks\openjdk-17.0.1\bin\net.dll
0x00007ff84e8b0000 - 0x00007ff84e9e6000 	C:\WINDOWS\SYSTEM32\WINHTTP.dll
0x00007ff852320000 - 0x00007ff852389000 	C:\WINDOWS\system32\mswsock.dll
0x00007ff837410000 - 0x00007ff837425000 	C:\Users\filip\.jdks\openjdk-17.0.1\bin\nio.dll
0x00007ff8371c0000 - 0x00007ff8371da000 	C:\Program Files\JetBrains\IntelliJ IDEA 2024.2.3\bin\breakgen64.dll
0x00007ff851910000 - 0x00007ff851a12000 	C:\WINDOWS\SYSTEM32\DNSAPI.dll
0x00007ff8518a0000 - 0x00007ff8518cd000 	C:\WINDOWS\SYSTEM32\IPHLPAPI.DLL
0x00007ff853ba0000 - 0x00007ff853ba9000 	C:\WINDOWS\System32\NSI.dll
0x00007ff84a450000 - 0x00007ff84a45a000 	C:\Windows\System32\rasadhlp.dll
0x00007ff84a4d0000 - 0x00007ff84a553000 	C:\WINDOWS\System32\fwpuclnt.dll
0x00007ff837540000 - 0x00007ff837549000 	C:\Users\filip\.jdks\openjdk-17.0.1\bin\management.dll
0x00007ff8371b0000 - 0x00007ff8371bb000 	C:\Users\filip\.jdks\openjdk-17.0.1\bin\management_ext.dll
0x00007ff852670000 - 0x00007ff85268b000 	C:\WINDOWS\SYSTEM32\CRYPTSP.dll
0x00007ff851e10000 - 0x00007ff851e45000 	C:\WINDOWS\system32\rsaenh.dll
0x00007ff8523c0000 - 0x00007ff8523e8000 	C:\WINDOWS\SYSTEM32\USERENV.dll
0x00007ff852650000 - 0x00007ff85265c000 	C:\WINDOWS\SYSTEM32\CRYPTBASE.dll
0x00007ff84b2f0000 - 0x00007ff84b309000 	C:\WINDOWS\SYSTEM32\dhcpcsvc6.DLL
0x00007ff84b0d0000 - 0x00007ff84b0ef000 	C:\WINDOWS\SYSTEM32\dhcpcsvc.DLL
0x00007ff832620000 - 0x00007ff832637000 	C:\WINDOWS\system32\napinsp.dll
0x00007ff82f9f0000 - 0x00007ff82fa0b000 	C:\WINDOWS\system32\pnrpnsp.dll
0x00007ff82f940000 - 0x00007ff82f951000 	C:\WINDOWS\System32\winrnr.dll
0x00007ff84abd0000 - 0x00007ff84abe5000 	C:\WINDOWS\system32\wshbth.dll
0x00007ff82f910000 - 0x00007ff82f937000 	C:\WINDOWS\system32\nlansp_c.dll
0x00007ff835e60000 - 0x00007ff835e70000 	C:\Users\filip\.jdks\openjdk-17.0.1\bin\verify.dll

dbghelp: loaded successfully - version: 4.0.5 - missing functions: none
symbol engine: initialized successfully - sym options: 0x614 - pdb path: .;C:\Users\filip\.jdks\openjdk-17.0.1\bin;C:\WINDOWS\SYSTEM32;C:\WINDOWS\WinSxS\amd64_microsoft.windows.common-controls_6595b64144ccf1df_6.0.22621.4541_none_2710d1c57384c085;C:\Users\filip\.jdks\openjdk-17.0.1\bin\server;C:\Program Files\JetBrains\IntelliJ IDEA 2024.2.3\bin

VM Arguments:
jvm_args: -XX:TieredStopAtLevel=1 -Dspring.output.ansi.enabled=always -Dcom.sun.management.jmxremote -Dspring.jmx.enabled=true -Dspring.liveBeansView.mbeanDomain -Dspring.application.admin.enabled=true -Dmanagement.endpoints.jmx.exposure.include=* -javaagent:C:\Program Files\JetBrains\IntelliJ IDEA 2024.2.3\lib\idea_rt.jar=65197:C:\Program Files\JetBrains\IntelliJ IDEA 2024.2.3\bin -Dfile.encoding=UTF-8 
java_command: cz.osu.chatappbe.ChatAppBeApplication
java_class_path (initial): C:\Users\filip\Downloads\SWI2-ChatApp-main (3)\SWI2-ChatApp-main\ChatAppBE\target\classes;C:\Users\filip\.m2\repository\org\springframework\boot\spring-boot-starter-amqp\2.7.4\spring-boot-starter-amqp-2.7.4.jar;C:\Users\filip\.m2\repository\org\springframework\boot\spring-boot-starter\2.7.4\spring-boot-starter-2.7.4.jar;C:\Users\filip\.m2\repository\org\springframework\boot\spring-boot\2.7.4\spring-boot-2.7.4.jar;C:\Users\filip\.m2\repository\org\springframework\boot\spring-boot-autoconfigure\2.7.4\spring-boot-autoconfigure-2.7.4.jar;C:\Users\filip\.m2\repository\org\springframework\boot\spring-boot-starter-logging\2.7.4\spring-boot-starter-logging-2.7.4.jar;C:\Users\filip\.m2\repository\ch\qos\logback\logback-classic\1.2.11\logback-classic-1.2.11.jar;C:\Users\filip\.m2\repository\ch\qos\logback\logback-core\1.2.11\logback-core-1.2.11.jar;C:\Users\filip\.m2\repository\org\apache\logging\log4j\log4j-to-slf4j\2.17.2\log4j-to-slf4j-2.17.2.jar;C:\Users\filip\.m2\repository\org\apache\logging\log4j\log4j-api\2.17.2\log4j-api-2.17.2.jar;C:\Users\filip\.m2\repository\org\slf4j\jul-to-slf4j\1.7.36\jul-to-slf4j-1.7.36.jar;C:\Users\filip\.m2\repository\jakarta\annotation\jakarta.annotation-api\1.3.5\jakarta.annotation-api-1.3.5.jar;C:\Users\filip\.m2\repository\org\yaml\snakeyaml\1.30\snakeyaml-1.30.jar;C:\Users\filip\.m2\repository\org\springframework\spring-messaging\5.3.23\spring-messaging-5.3.23.jar;C:\Users\filip\.m2\repository\org\springframework\spring-beans\5.3.23\spring-beans-5.3.23.jar;C:\Users\filip\.m2\repository\org\springframework\amqp\spring-rabbit\2.4.7\spring-rabbit-2.4.7.jar;C:\Users\filip\.m2\repository\org\springframework\amqp\spring-amqp\2.4.7\spring-amqp-2.4.7.jar;C:\Users\filip\.m2\repository\org\springframework\retry\spring-retry\1.3.3\spring-retry-1.3.3.jar;C:\Users\filip\.m2\repository\com\rabbitmq\amqp-client\5.14.2\amqp-client-5.14.2.jar;C:\Users\filip\.m2\repository\org\springframework\spring-context\5.3.23\spring-cont
Launcher Type: SUN_STANDARD

[Global flags]
     intx CICompilerCount                          = 4                                         {product} {ergonomic}
     uint ConcGCThreads                            = 2                                         {product} {ergonomic}
     uint G1ConcRefinementThreads                  = 8                                         {product} {ergonomic}
   size_t G1HeapRegionSize                         = 4194304                                   {product} {ergonomic}
    uintx GCDrainStackTargetSize                   = 64                                        {product} {ergonomic}
   size_t InitialHeapSize                          = 528482304                                 {product} {ergonomic}
     bool ManagementServer                         = true                                      {product} {command line}
   size_t MarkStackSize                            = 4194304                                   {product} {ergonomic}
   size_t MaxHeapSize                              = 8413773824                                {product} {ergonomic}
   size_t MaxNewSize                               = 5045747712                                {product} {ergonomic}
   size_t MinHeapDeltaBytes                        = 4194304                                   {product} {ergonomic}
   size_t MinHeapSize                              = 8388608                                   {product} {ergonomic}
    uintx NonProfiledCodeHeapSize                  = 0                                      {pd product} {ergonomic}
     bool ProfileInterpreter                       = false                                  {pd product} {command line}
    uintx ProfiledCodeHeapSize                     = 0                                      {pd product} {ergonomic}
   size_t SoftMaxHeapSize                          = 8413773824                             {manageable} {ergonomic}
     intx TieredStopAtLevel                        = 1                                         {product} {command line}
     bool UseCompressedClassPointers               = true                           {product lp64_product} {ergonomic}
     bool UseCompressedOops                        = true                           {product lp64_product} {ergonomic}
     bool UseG1GC                                  = true                                      {product} {ergonomic}
     bool UseLargePagesIndividualAllocation        = false                                  {pd product} {ergonomic}

Logging:
Log output configuration:
 #0: stdout all=warning uptime,level,tags
 #1: stderr all=off uptime,level,tags

Environment Variables:
PATH=C:\Program Files\Common Files\Oracle\Java\javapath;C:\Program Files (x86)\Common Files\Oracle\Java\javapath;C:\Python27\;C:\Python27\Scripts;C:\Program Files (x86)\Rockwell Software\RSCommon;C:\WINDOWS\system32;C:\WINDOWS;C:\WINDOWS\System32\Wbem;C:\WINDOWS\System32\WindowsPowerShell\v1.0\;C:\WINDOWS\System32\OpenSSH\;C:\Program Files\Microsoft SQL Server\130\Tools\Binn\;C:\Program Files\Crucial\Crucial Storage Executive;C:\Program Files\Intel\WiFi\bin\;C:\Program Files\Common Files\Intel\WirelessCommon\;C:\Program Files\Git\cmd;C:\xampp\php;C:\ProgramData\ComposerSetup\bin;C:\ProgramData\chocolatey\bin;C:\Program Files\Microsoft SQL Server\Client SDK\ODBC\170\Tools\Binn\;C:\Program Files (x86)\Intel\Intel(R) Management Engine Components\DAL;C:\Program Files\Intel\Intel(R) Management Engine Components\DAL;C:\Users\filip\AppData\Local\Microsoft\WindowsApps;C:\Users\filip\AppData\Local\Progr;C:\Program Files (x86)\PuTTY\;C:\Users\filip\Downloads\jdk-16.0.2_windows-x64_bin\jdk-16.0.2\bin;C:\Program Files\dotnet\;C:\Program Files\Microsoft SQL Server\150\Tools\Binn\;C:\Program Files\Go\bin;C:\Program Files (x86)\Microsoft SQL Server\160\Tools\Binn\;C:\Program Files\Microsoft SQL Server\160\Tools\Binn\;C:\Program Files\Microsoft SQL Server\160\DTS\Binn\;C:\Program Files (x86)\Microsoft SQL Server\160\DTS\Binn\;%NVM_HOME%;%NVM_SYMLINK%;C:\Program Files (x86)\NoteBook FanControl\;C:\Program Files (x86)\eID_klient\;C:\Program Files (x86)\eID_klient\redist_x64\;C:\Program Files\Docker\Docker\resources\bin;C:\WINDOWS\system32;C:\WINDOWS;C:\WINDOWS\System32\Wbem;C:\WINDOWS\System32\WindowsPowerShell\v1.0\;C:\WINDOWS\System32\OpenSSH\;C:\Program Files\MySQL\MySQL Shell 8.0\bin\;C:\Users\filip\AppData\Local\Programs\Python\Python311\Scripts\;C:\Users\filip\AppData\Local\Programs\Python\Python311\;C:\Users\filip\AppData\Local\Programs\Python\Python39\Scripts\;C:\Users\filip\AppData\Local\Programs\Python\Python39\;C:\Users\filip\AppData\Local\Microsoft\WindowsApps;C:\Program Fil
USERNAME=filip
OS=Windows_NT
PROCESSOR_IDENTIFIER=AMD64 Family 23 Model 96 Stepping 1, AuthenticAMD



---------------  S Y S T E M  ---------------

OS:
 Windows 10 , 64 bit Build 22621 (10.0.22621.4391)
OS uptime: 0 days 23:07 hours
Hyper-V role detected

CPU: total 8 (initial active 8) (8 cores per cpu, 2 threads per core) family 23 model 96 stepping 1 microcode 0x0, cx8, cmov, fxsr, ht, mmx, 3dnowpref, sse, sse2, sse3, ssse3, sse4a, sse4.1, sse4.2, popcnt, lzcnt, tsc, tscinvbit, avx, avx2, aes, clmul, bmi1, bmi2, adx, sha, fma, vzeroupper, clflush, clflushopt, hv

Memory: 4k page, system-wide physical 32081M (1839M free)
TotalPageFile size 50081M (AvailPageFile size 611M)
current process WorkingSet (physical memory assigned to process): 61M, peak: 61M
current process commit charge ("private bytes"): 609M, peak: 609M

vm_info: OpenJDK 64-Bit Server VM (17.0.1+12-39) for windows-amd64 JRE (17.0.1+12-39), built on Sep 27 2021 18:39:29 by "mach5one" with MS VC++ 16.8 (VS2019)

END.
